\BOOKMARK [1][-]{section.1}{The Society}{}% 1
\BOOKMARK [2][-]{subsection.1.1}{Name}{section.1}% 2
\BOOKMARK [2][-]{subsection.1.2}{Membership}{section.1}% 3
\BOOKMARK [2][-]{subsection.1.3}{Purpose}{section.1}% 4
\BOOKMARK [2][-]{subsection.1.4}{Society Fees}{section.1}% 5
\BOOKMARK [2][-]{subsection.1.5}{Rights, Privileges and Obligations of Members}{section.1}% 6
\BOOKMARK [2][-]{subsection.1.6}{Finances of CSUS}{section.1}% 7
\BOOKMARK [2][-]{subsection.1.7}{Languages of the Society}{section.1}% 8
\BOOKMARK [1][-]{section.2}{Organization of the Society}{}% 9
\BOOKMARK [2][-]{subsection.2.1}{Members of the Executive Council}{section.2}% 10
\BOOKMARK [2][-]{subsection.2.2}{Powers and Duties}{section.2}% 11
\BOOKMARK [2][-]{subsection.2.3}{President}{section.2}% 12
\BOOKMARK [2][-]{subsection.2.4}{Vice-President External}{section.2}% 13
\BOOKMARK [2][-]{subsection.2.5}{Vice-President Internal}{section.2}% 14
\BOOKMARK [2][-]{subsection.2.6}{Vice-President Finance}{section.2}% 15
\BOOKMARK [2][-]{subsection.2.7}{Vice-President Academic}{section.2}% 16
\BOOKMARK [2][-]{subsection.2.8}{Vice-President Administration}{section.2}% 17
\BOOKMARK [2][-]{subsection.2.9}{U1 Representative}{section.2}% 18
\BOOKMARK [2][-]{subsection.2.10}{Vice-President Sustainability}{section.2}% 19
\BOOKMARK [2][-]{subsection.2.11}{Vice-President Diversity}{section.2}% 20
\BOOKMARK [2][-]{subsection.2.12}{Vice-President Events}{section.2}% 21
\BOOKMARK [2][-]{subsection.2.13}{Meetings of the Executive Council}{section.2}% 22
\BOOKMARK [2][-]{subsection.2.14}{Powers of Assembly}{section.2}% 23
\BOOKMARK [2][-]{subsection.2.15}{Meetings of the General Assembly}{section.2}% 24
\BOOKMARK [2][-]{subsection.2.16}{Committees of CSUS}{section.2}% 25
\BOOKMARK [2][-]{subsection.2.17}{Procedure}{section.2}% 26
\BOOKMARK [2][-]{subsection.2.18}{Electoral Officer}{section.2}% 27
\BOOKMARK [2][-]{subsection.2.19}{Referenda}{section.2}% 28
\BOOKMARK [2][-]{subsection.2.20}{Impeachment}{section.2}% 29
\BOOKMARK [1][-]{section.3}{Elections}{}% 30
\BOOKMARK [2][-]{subsection.3.1}{Eligible Voters and Candidates}{section.3}% 31
\BOOKMARK [2][-]{subsection.3.2}{Procedures}{section.3}% 32
\BOOKMARK [2][-]{subsection.3.3}{Terms of Office}{section.3}% 33
\BOOKMARK [2][-]{subsection.3.4}{Order of Succession}{section.3}% 34
\BOOKMARK [1][-]{section.4}{The Constitution}{}% 35
\BOOKMARK [2][-]{subsection.4.1}{Superseding Clause}{section.4}% 36
\BOOKMARK [2][-]{subsection.4.2}{Constitutional Amendments}{section.4}% 37
\BOOKMARK [2][-]{subsection.4.3}{Coming into force}{section.4}% 38
\BOOKMARK [1][-]{section.5}{Bylaws}{}% 39
\BOOKMARK [2][-]{subsection.5.1}{A Electoral Bylaws}{section.5}% 40
\BOOKMARK [2][-]{subsection.5.2}{A.1 Nomination Rules}{section.5}% 41
\BOOKMARK [2][-]{subsection.5.3}{A.2 Campaigning Rules}{section.5}% 42
\BOOKMARK [2][-]{subsection.5.4}{A.3 Balloting Rules}{section.5}% 43
\BOOKMARK [2][-]{subsection.5.5}{A.4 Count, Recount and Protests}{section.5}% 44
\BOOKMARK [2][-]{subsection.5.6}{A.5 Invalidation}{section.5}% 45
\BOOKMARK [2][-]{subsection.5.7}{B Bylaw Amendments}{section.5}% 46
